<?xml version="1.0" encoding="UTF-8"?>
<!-- Generated by org.testng.reporters.JUnitReportReporter -->
<testsuite skipped="0" hostname="DEBU" name="com.qa.ecommerce.tests.OrderAddressTest" tests="1" failures="1" timestamp="2021-08-27T08:31:25 IST" time="22.665" errors="0">
  <testcase name="validateBillingAddress" time="22.665" classname="com.qa.ecommerce.tests.OrderAddressTest">
    <failure type="java.lang.AssertionError" message="expected [DEBANJAN BHOWMICKSelf Employed301, Raj Palace Apartment,3rd Floor , Boripara , Pandabnagar Near West Guwahati Commerce CollegeCleveland, Ohio 44101United States03612443437002478770] but found [DEBANJAN BHOWMICKSelf Employed[[ChromeDriver: chrome on WINDOWS (c1a81afb128667edcbdbf579fa6297cd)] -&gt; xpath: //body[1]/div[1]/div[2]/div[1]/div[3]/div[1]/form[1]/div[1]/div[2]/div[2]/ul[1]/li[3]]United States03612443437002478770]">
      <![CDATA[java.lang.AssertionError: expected [DEBANJAN BHOWMICKSelf Employed301, Raj Palace Apartment,3rd Floor , Boripara , Pandabnagar Near West Guwahati Commerce CollegeCleveland, Ohio 44101United States03612443437002478770] but found [DEBANJAN BHOWMICKSelf Employed[[ChromeDriver: chrome on WINDOWS (c1a81afb128667edcbdbf579fa6297cd)] -> xpath: //body[1]/div[1]/div[2]/div[1]/div[3]/div[1]/form[1]/div[1]/div[2]/div[2]/ul[1]/li[3]]United States03612443437002478770]
at org.testng.Assert.fail(Assert.java:99)
at org.testng.Assert.failNotEquals(Assert.java:1037)
at org.testng.Assert.assertEqualsImpl(Assert.java:140)
at org.testng.Assert.assertEquals(Assert.java:122)
at org.testng.Assert.assertEquals(Assert.java:629)
at org.testng.Assert.assertEquals(Assert.java:639)
at com.qa.ecommerce.tests.OrderAddressTest.validateBillingAddress(OrderAddressTest.java:43)
at sun.reflect.NativeMethodAccessorImpl.invoke0(Native Method)
at sun.reflect.NativeMethodAccessorImpl.invoke(Unknown Source)
at sun.reflect.DelegatingMethodAccessorImpl.invoke(Unknown Source)
at java.lang.reflect.Method.invoke(Unknown Source)
at org.testng.internal.MethodInvocationHelper.invokeMethod(MethodInvocationHelper.java:133)
at org.testng.internal.TestInvoker.invokeMethod(TestInvoker.java:598)
at org.testng.internal.TestInvoker.invokeTestMethod(TestInvoker.java:173)
at org.testng.internal.MethodRunner.runInSequence(MethodRunner.java:46)
at org.testng.internal.TestInvoker$MethodInvocationAgent.invoke(TestInvoker.java:824)
at org.testng.internal.TestInvoker.invokeTestMethods(TestInvoker.java:146)
at org.testng.internal.TestMethodWorker.invokeTestMethods(TestMethodWorker.java:146)
at org.testng.internal.TestMethodWorker.run(TestMethodWorker.java:128)
at java.util.ArrayList.forEach(Unknown Source)
at org.testng.TestRunner.privateRun(TestRunner.java:794)
at org.testng.TestRunner.run(TestRunner.java:596)
at org.testng.SuiteRunner.runTest(SuiteRunner.java:377)
at org.testng.SuiteRunner.runSequentially(SuiteRunner.java:371)
at org.testng.SuiteRunner.privateRun(SuiteRunner.java:332)
at org.testng.SuiteRunner.run(SuiteRunner.java:276)
at org.testng.SuiteRunnerWorker.runSuite(SuiteRunnerWorker.java:53)
at org.testng.SuiteRunnerWorker.run(SuiteRunnerWorker.java:96)
at org.testng.TestNG.runSuitesSequentially(TestNG.java:1212)
at org.testng.TestNG.runSuitesLocally(TestNG.java:1134)
at org.testng.TestNG.runSuites(TestNG.java:1063)
at org.testng.TestNG.run(TestNG.java:1031)
at org.testng.remote.AbstractRemoteTestNG.run(AbstractRemoteTestNG.java:115)
at org.testng.remote.RemoteTestNG.initAndRun(RemoteTestNG.java:251)
at org.testng.remote.RemoteTestNG.main(RemoteTestNG.java:77)
]]>
    </failure>
  </testcase> <!-- validateBillingAddress -->
  <system-out/>
</testsuite> <!-- com.qa.ecommerce.tests.OrderAddressTest -->
