<?xml version="1.0" encoding="UTF-8"?>
<!-- Generated by org.testng.reporters.JUnitReportReporter -->
<testsuite skipped="0" hostname="DEBU" name="com.qa.ecommerce.tests.PaymentsPageTest" tests="1" failures="1" timestamp="2021-08-29T11:49:59 IST" time="41.917" errors="0">
  <testcase name="validatebankWire" time="41.917" classname="com.qa.ecommerce.tests.PaymentsPageTest">
    <failure type="java.lang.AssertionError" message="expected [BANK-WIRE PAYMENT.You have chosen to pay by bank wire. Here is a short summary of your order:- The total amount of your order comes to: $18.51 (tax incl.)- We allow the following currency to be sent via bank wire: Dollar- Bank wire account information will be displayed on the next page.- Please confirm your order by clicking &quot;I confirm my order.] but found [BANK-WIRE PAYMENT.
You have chosen to pay by bank wire. Here is a short summary of your order:
- The total amount of your order comes to: $18.51 (tax incl.)
- We allow the following currency to be sent via bank wire: Dollar
- Bank wire account information will be displayed on the next page.
- Please confirm your order by clicking &quot;I confirm my order.&quot;.]">
      <![CDATA[java.lang.AssertionError: expected [BANK-WIRE PAYMENT.You have chosen to pay by bank wire. Here is a short summary of your order:- The total amount of your order comes to: $18.51 (tax incl.)- We allow the following currency to be sent via bank wire: Dollar- Bank wire account information will be displayed on the next page.- Please confirm your order by clicking "I confirm my order.] but found [BANK-WIRE PAYMENT.
You have chosen to pay by bank wire. Here is a short summary of your order:
- The total amount of your order comes to: $18.51 (tax incl.)
- We allow the following currency to be sent via bank wire: Dollar
- Bank wire account information will be displayed on the next page.
- Please confirm your order by clicking "I confirm my order.".]
at org.testng.Assert.fail(Assert.java:99)
at org.testng.Assert.failNotEquals(Assert.java:1037)
at org.testng.Assert.assertEqualsImpl(Assert.java:140)
at org.testng.Assert.assertEquals(Assert.java:122)
at org.testng.Assert.assertEquals(Assert.java:629)
at org.testng.Assert.assertEquals(Assert.java:639)
at com.qa.ecommerce.tests.PaymentsPageTest.validatebankWire(PaymentsPageTest.java:46)
at sun.reflect.NativeMethodAccessorImpl.invoke0(Native Method)
at sun.reflect.NativeMethodAccessorImpl.invoke(Unknown Source)
at sun.reflect.DelegatingMethodAccessorImpl.invoke(Unknown Source)
at java.lang.reflect.Method.invoke(Unknown Source)
at org.testng.internal.MethodInvocationHelper.invokeMethod(MethodInvocationHelper.java:133)
at org.testng.internal.TestInvoker.invokeMethod(TestInvoker.java:598)
at org.testng.internal.TestInvoker.invokeTestMethod(TestInvoker.java:173)
at org.testng.internal.MethodRunner.runInSequence(MethodRunner.java:46)
at org.testng.internal.TestInvoker$MethodInvocationAgent.invoke(TestInvoker.java:824)
at org.testng.internal.TestInvoker.invokeTestMethods(TestInvoker.java:146)
at org.testng.internal.TestMethodWorker.invokeTestMethods(TestMethodWorker.java:146)
at org.testng.internal.TestMethodWorker.run(TestMethodWorker.java:128)
at java.util.ArrayList.forEach(Unknown Source)
at org.testng.TestRunner.privateRun(TestRunner.java:794)
at org.testng.TestRunner.run(TestRunner.java:596)
at org.testng.SuiteRunner.runTest(SuiteRunner.java:377)
at org.testng.SuiteRunner.runSequentially(SuiteRunner.java:371)
at org.testng.SuiteRunner.privateRun(SuiteRunner.java:332)
at org.testng.SuiteRunner.run(SuiteRunner.java:276)
at org.testng.SuiteRunnerWorker.runSuite(SuiteRunnerWorker.java:53)
at org.testng.SuiteRunnerWorker.run(SuiteRunnerWorker.java:96)
at org.testng.TestNG.runSuitesSequentially(TestNG.java:1212)
at org.testng.TestNG.runSuitesLocally(TestNG.java:1134)
at org.testng.TestNG.runSuites(TestNG.java:1063)
at org.testng.TestNG.run(TestNG.java:1031)
at org.testng.remote.AbstractRemoteTestNG.run(AbstractRemoteTestNG.java:115)
at org.testng.remote.RemoteTestNG.initAndRun(RemoteTestNG.java:251)
at org.testng.remote.RemoteTestNG.main(RemoteTestNG.java:77)
]]>
    </failure>
  </testcase> <!-- validatebankWire -->
  <system-out/>
</testsuite> <!-- com.qa.ecommerce.tests.PaymentsPageTest -->
